<?xml version="1.0" encoding="UTF-8"?>
<!-- Generated by org.testng.reporters.JUnitReportReporter -->
<testsuite hostname="DESKTOP-0NVEVUD" failures="0" tests="1" name="FirstTest" time="3.964" errors="0" timestamp="2021-09-12T15:48:05 EEST" skipped="0">
  <testcase classname="FirstTest" name="navigateTOFreeConsultationForm" time="3.964"/>
  <system-out/>
</testsuite> <!-- FirstTest -->
